<?xml version="1.0" encoding="UTF-8"?>
<!-- Generated by org.testng.reporters.JUnitXMLReporter -->
<testsuite hostname="tandl-10" name="Default test" tests="3" failures="0" timestamp="13 May 2015 12:36:16 GMT" time="16.116" errors="0">
  <testcase name="testBrowser" time="15.118" classname="com.microinsurance.testcases.Actions_Usam"/>
  <testcase name="testBrowser" time="0.001" classname="com.microinsurance.testcases.Actions_Usam"/>
  <testcase name="loginSuperUser" time="0.001" classname="com.microinsurance.testcases.Actions_Usam">
    <skipped/>
  </testcase> <!-- loginSuperUser -->
</testsuite> <!-- Default test -->
