<?xml version="1.0" encoding="UTF-8"?>
<!-- Generated by org.testng.reporters.JUnitXMLReporter -->
<testsuite hostname="tandl-10" name="test2" tests="16" failures="0" timestamp="2 Jun 2015 12:50:05 GMT" time="0.098" errors="0">
  <testcase name="addUser_Validations" time="0.061" classname="com.microinsurance.testcases.VerifyValidations_Usam"/>
  <testcase name="addUser_Validations" time="0.001" classname="com.microinsurance.testcases.VerifyValidations_Usam"/>
  <testcase name="addUser_Validations" time="0.0" classname="com.microinsurance.testcases.VerifyValidations_Usam"/>
  <testcase name="addUser_Validations" time="0.0" classname="com.microinsurance.testcases.VerifyValidations_Usam"/>
  <testcase name="addUser_Validations" time="0.001" classname="com.microinsurance.testcases.VerifyValidations_Usam"/>
  <testcase name="addUser_Validations" time="0.0" classname="com.microinsurance.testcases.VerifyValidations_Usam"/>
  <testcase name="addUser_Validations" time="0.0" classname="com.microinsurance.testcases.VerifyValidations_Usam"/>
  <testcase name="addUser_Validations" time="0.0" classname="com.microinsurance.testcases.VerifyValidations_Usam"/>
  <testcase name="addUser_Validations" time="0.0" classname="com.microinsurance.testcases.VerifyValidations_Usam"/>
  <testcase name="addUser_Validations" time="0.001" classname="com.microinsurance.testcases.VerifyValidations_Usam"/>
  <testcase name="addUser_Validations" time="0.0" classname="com.microinsurance.testcases.VerifyValidations_Usam"/>
  <testcase name="addUser_Validations" time="0.0" classname="com.microinsurance.testcases.VerifyValidations_Usam"/>
  <testcase name="addUser_Validations" time="0.001" classname="com.microinsurance.testcases.VerifyValidations_Usam"/>
  <testcase name="addUser_Validations" time="0.0" classname="com.microinsurance.testcases.VerifyValidations_Usam"/>
  <testcase name="addUser_Validations" time="0.001" classname="com.microinsurance.testcases.VerifyValidations_Usam"/>
  <testcase name="addUser_Validations" time="0.0" classname="com.microinsurance.testcases.VerifyValidations_Usam"/>
</testsuite> <!-- test2 -->
